0 info it worked if it ends with ok
1 verbose cli [ 'D:\\Program Files\\nodejs\\node.exe',
1 verbose cli   'D:\\Program Files\\nodejs\\node_modules\\npm\\bin\\npm-cli.js',
1 verbose cli   'publish' ]
2 info using npm@2.14.4
3 info using node@v4.1.1
4 verbose publish [ '.' ]
5 silly cache add args [ '.', null ]
6 verbose cache add spec .
7 silly cache add parsed spec Result {
7 silly cache add   raw: '.',
7 silly cache add   scope: null,
7 silly cache add   name: null,
7 silly cache add   rawSpec: '.',
7 silly cache add   spec: 'C:\\Users\\Yaron\\Downloads\\rcall',
7 silly cache add   type: 'directory' }
8 verbose addLocalDirectory C:\Users\Yaron\AppData\Roaming\npm-cache\rcall\0.0.3\package.tgz not in flight; packing
9 verbose tar pack [ 'C:\\Users\\Yaron\\AppData\\Roaming\\npm-cache\\rcall\\0.0.3\\package.tgz',
9 verbose tar pack   'C:\\Users\\Yaron\\Downloads\\rcall' ]
10 verbose tarball C:\Users\Yaron\AppData\Roaming\npm-cache\rcall\0.0.3\package.tgz
11 verbose folder C:\Users\Yaron\Downloads\rcall
12 info prepublish rcall@0.0.3
13 verbose addLocalTarball adding from inside cache C:\Users\Yaron\AppData\Roaming\npm-cache\rcall\0.0.3\package.tgz
14 silly cache afterAdd rcall@0.0.3
15 verbose afterAdd C:\Users\Yaron\AppData\Roaming\npm-cache\rcall\0.0.3\package\package.json not in flight; writing
16 verbose afterAdd C:\Users\Yaron\AppData\Roaming\npm-cache\rcall\0.0.3\package\package.json written
17 silly publish { name: 'rcall',
17 silly publish   description: 'calling AJAX RPCs easily',
17 silly publish   version: '0.0.3',
17 silly publish   keywords: [],
17 silly publish   main: 'rcall.js',
17 silly publish   dependencies: {},
17 silly publish   devDependencies: {},
17 silly publish   repository:
17 silly publish    { type: 'git',
17 silly publish      url: 'git+https://github.com/HelloGravity/rcall.git' },
17 silly publish   license: 'MIT',
17 silly publish   readme: 'calling AJAX RPCs easily.  \r\nrdeclare binds itself to \'/rpc-api\' \r\n\r\nExample Usage:\r\n\r\n**Server**\r\n```js\r\nvar express = require(\'express\');\r\nvar app = express();\r\nvar rdeclare = require(\'rdclare\')(app);\r\n\r\n/* Declare RPC method */\r\nrdeclare(\'some_function\', function(arg1, arg2, cb) {\r\n    /* do something with the args*/\r\n    long_async_operation(arg1 + arg2, function() {\r\n        cb(arg2, arg1);\r\n    });\r\n});    \r\n\r\n```\r\n\r\n**Client**\r\n```js\r\nvar rcall = require(\'rcall\'); \r\n\r\n/* Call RPC method */\r\nrcall(\'some_function\', [\'a\', \'b\'], function (arg1, arg2) {\r\n    console.log(arg1, arg2);\r\n}, this) /* rcall supports optional binding to a different context */\r\n```\r\n\r\n',
17 silly publish   readmeFilename: 'README.md',
17 silly publish   gitHead: '306afacc36fc4c1938dce7679e326531200ae880',
17 silly publish   bugs: { url: 'https://github.com/HelloGravity/rcall/issues' },
17 silly publish   homepage: 'https://github.com/HelloGravity/rcall#readme',
17 silly publish   _id: 'rcall@0.0.3',
17 silly publish   scripts: {},
17 silly publish   _shasum: '7f635bf01f7136ac50b3e6072de45a288665ed0e',
17 silly publish   _from: '.' }
18 verbose getPublishConfig undefined
19 silly mapToRegistry name rcall
20 silly mapToRegistry using default registry
21 silly mapToRegistry registry https://registry.npmjs.org/
22 silly mapToRegistry uri https://registry.npmjs.org/rcall
23 verbose publish registryBase https://registry.npmjs.org/
24 silly publish uploading C:\Users\Yaron\AppData\Roaming\npm-cache\rcall\0.0.3\package.tgz
25 verbose request uri https://registry.npmjs.org/rcall
26 verbose request sending authorization for write operation
27 info attempt registry request try #1 at 5:00:05 PM
28 verbose request using bearer token for auth
29 verbose request id 9b032920655c12eb
30 http request PUT https://registry.npmjs.org/rcall
31 http 403 https://registry.npmjs.org/rcall
32 verbose headers { 'content-type': 'application/json',
32 verbose headers   'cache-control': 'max-age=60',
32 verbose headers   'content-length': '95',
32 verbose headers   'accept-ranges': 'bytes',
32 verbose headers   date: 'Sat, 03 Oct 2015 14:00:14 GMT',
32 verbose headers   via: '1.1 varnish',
32 verbose headers   connection: 'keep-alive',
32 verbose headers   'x-served-by': 'cache-ams4128-AMS',
32 verbose headers   'x-cache': 'MISS',
32 verbose headers   'x-cache-hits': '0',
32 verbose headers   'x-timer': 'S1443880814.014604,VS0,VE982' }
33 verbose request invalidating C:\Users\Yaron\AppData\Roaming\npm-cache\registry.npmjs.org\rcall on PUT
34 error publish Failed PUT 403
35 verbose stack Error: "You cannot publish over the previously published version 0.0.3." : rcall
35 verbose stack     at makeError (D:\Program Files\nodejs\node_modules\npm\node_modules\npm-registry-client\lib\request.js:263:12)
35 verbose stack     at CachingRegistryClient.<anonymous> (D:\Program Files\nodejs\node_modules\npm\node_modules\npm-registry-client\lib\request.js:251:14)
35 verbose stack     at Request._callback (D:\Program Files\nodejs\node_modules\npm\node_modules\npm-registry-client\lib\request.js:171:14)
35 verbose stack     at Request.self.callback (D:\Program Files\nodejs\node_modules\npm\node_modules\request\request.js:198:22)
35 verbose stack     at emitTwo (events.js:87:13)
35 verbose stack     at Request.emit (events.js:172:7)
35 verbose stack     at Request.<anonymous> (D:\Program Files\nodejs\node_modules\npm\node_modules\request\request.js:1073:14)
35 verbose stack     at emitOne (events.js:82:20)
35 verbose stack     at Request.emit (events.js:169:7)
35 verbose stack     at IncomingMessage.<anonymous> (D:\Program Files\nodejs\node_modules\npm\node_modules\request\request.js:1019:12)
36 verbose statusCode 403
37 verbose pkgid rcall
38 verbose cwd C:\Users\Yaron\Downloads\rcall
39 error Windows_NT 6.1.7601
40 error argv "D:\\Program Files\\nodejs\\node.exe" "D:\\Program Files\\nodejs\\node_modules\\npm\\bin\\npm-cli.js" "publish"
41 error node v4.1.1
42 error npm  v2.14.4
43 error code E403
44 error "You cannot publish over the previously published version 0.0.3." : rcall
45 error If you need help, you may report this error at:
45 error     <https://github.com/npm/npm/issues>
46 verbose exit [ 1, true ]
